<?xml version="1.0" encoding="UTF-8"?>
<robot generator="Robot 3.0 (Jython 2.7.0 on java1.8.0_111)" generated="20170123 10:11:55.952">
<suite source="C:\Users\Blake\Desktop\CS310\tic-tac-toe\src\test\acceptancetest" name="Acceptancetest" id="s1">
<suite source="C:\Users\Blake\Desktop\CS310\tic-tac-toe\src\test\acceptancetest\TicTacToeTests.txt" name="TicTacToeTests" id="s1-s1">
<test name="Win Diagonally as X" id="s1-s1-t1">
<kw library="keywords.TicTacToeKeywords" name="Start New Game">
<status endtime="20170123 10:11:56.436" starttime="20170123 10:11:56.429" status="PASS"></status>
</kw>
<kw library="keywords.TicTacToeKeywords" name="Mark Location">
<arguments>
<arg>1</arg>
<arg>1</arg>
</arguments>
<status endtime="20170123 10:11:56.446" starttime="20170123 10:11:56.440" status="PASS"></status>
</kw>
<kw name="Check Location">
<arguments>
<arg>1</arg>
<arg>1</arg>
<arg>X</arg>
</arguments>
<kw library="keywords.TicTacToeKeywords" name="Get Mark">
<arguments>
<arg>${row}</arg>
<arg>${col}</arg>
</arguments>
<assign>
<var>${m}</var>
</assign>
<msg level="INFO" timestamp="20170123 10:11:56.469">${m} = X</msg>
<status endtime="20170123 10:11:56.471" starttime="20170123 10:11:56.460" status="PASS"></status>
</kw>
<kw library="BuiltIn" name="Should Be Equal">
<doc>Fails if the given objects are unequal.</doc>
<arguments>
<arg>${m}</arg>
<arg>${mark}</arg>
</arguments>
<status endtime="20170123 10:11:56.485" starttime="20170123 10:11:56.475" status="PASS"></status>
</kw>
<status endtime="20170123 10:11:56.491" starttime="20170123 10:11:56.448" status="PASS"></status>
</kw>
<kw library="keywords.TicTacToeKeywords" name="Mark Location">
<arguments>
<arg>0</arg>
<arg>1</arg>
</arguments>
<status endtime="20170123 10:11:56.499" starttime="20170123 10:11:56.494" status="PASS"></status>
</kw>
<kw name="Check Location">
<arguments>
<arg>0</arg>
<arg>1</arg>
<arg>O</arg>
</arguments>
<kw library="keywords.TicTacToeKeywords" name="Get Mark">
<arguments>
<arg>${row}</arg>
<arg>${col}</arg>
</arguments>
<assign>
<var>${m}</var>
</assign>
<msg level="INFO" timestamp="20170123 10:11:56.516">${m} = O</msg>
<status endtime="20170123 10:11:56.517" starttime="20170123 10:11:56.509" status="PASS"></status>
</kw>
<kw library="BuiltIn" name="Should Be Equal">
<doc>Fails if the given objects are unequal.</doc>
<arguments>
<arg>${m}</arg>
<arg>${mark}</arg>
</arguments>
<status endtime="20170123 10:11:56.528" starttime="20170123 10:11:56.520" status="PASS"></status>
</kw>
<status endtime="20170123 10:11:56.531" starttime="20170123 10:11:56.502" status="PASS"></status>
</kw>
<kw library="keywords.TicTacToeKeywords" name="Mark Location">
<arguments>
<arg>0</arg>
<arg>0</arg>
</arguments>
<status endtime="20170123 10:11:56.540" starttime="20170123 10:11:56.534" status="PASS"></status>
</kw>
<kw name="Check Location">
<arguments>
<arg>0</arg>
<arg>0</arg>
<arg>X</arg>
</arguments>
<kw library="keywords.TicTacToeKeywords" name="Get Mark">
<arguments>
<arg>${row}</arg>
<arg>${col}</arg>
</arguments>
<assign>
<var>${m}</var>
</assign>
<msg level="INFO" timestamp="20170123 10:11:56.556">${m} = X</msg>
<status endtime="20170123 10:11:56.558" starttime="20170123 10:11:56.549" status="PASS"></status>
</kw>
<kw library="BuiltIn" name="Should Be Equal">
<doc>Fails if the given objects are unequal.</doc>
<arguments>
<arg>${m}</arg>
<arg>${mark}</arg>
</arguments>
<status endtime="20170123 10:11:56.567" starttime="20170123 10:11:56.561" status="PASS"></status>
</kw>
<status endtime="20170123 10:11:56.570" starttime="20170123 10:11:56.543" status="PASS"></status>
</kw>
<kw library="keywords.TicTacToeKeywords" name="Mark Location">
<arguments>
<arg>0</arg>
<arg>2</arg>
</arguments>
<status endtime="20170123 10:11:56.580" starttime="20170123 10:11:56.574" status="PASS"></status>
</kw>
<kw name="Check Location">
<arguments>
<arg>0</arg>
<arg>2</arg>
<arg>O</arg>
</arguments>
<kw library="keywords.TicTacToeKeywords" name="Get Mark">
<arguments>
<arg>${row}</arg>
<arg>${col}</arg>
</arguments>
<assign>
<var>${m}</var>
</assign>
<msg level="INFO" timestamp="20170123 10:11:56.596">${m} = O</msg>
<status endtime="20170123 10:11:56.598" starttime="20170123 10:11:56.589" status="PASS"></status>
</kw>
<kw library="BuiltIn" name="Should Be Equal">
<doc>Fails if the given objects are unequal.</doc>
<arguments>
<arg>${m}</arg>
<arg>${mark}</arg>
</arguments>
<status endtime="20170123 10:11:56.607" starttime="20170123 10:11:56.600" status="PASS"></status>
</kw>
<status endtime="20170123 10:11:56.611" starttime="20170123 10:11:56.582" status="PASS"></status>
</kw>
<kw library="keywords.TicTacToeKeywords" name="Mark Location">
<arguments>
<arg>2</arg>
<arg>2</arg>
</arguments>
<status endtime="20170123 10:11:56.618" starttime="20170123 10:11:56.614" status="PASS"></status>
</kw>
<kw name="Check Location">
<arguments>
<arg>2</arg>
<arg>2</arg>
<arg>X</arg>
</arguments>
<kw library="keywords.TicTacToeKeywords" name="Get Mark">
<arguments>
<arg>${row}</arg>
<arg>${col}</arg>
</arguments>
<assign>
<var>${m}</var>
</assign>
<msg level="INFO" timestamp="20170123 10:11:56.635">${m} = X</msg>
<status endtime="20170123 10:11:56.637" starttime="20170123 10:11:56.627" status="PASS"></status>
</kw>
<kw library="BuiltIn" name="Should Be Equal">
<doc>Fails if the given objects are unequal.</doc>
<arguments>
<arg>${m}</arg>
<arg>${mark}</arg>
</arguments>
<status endtime="20170123 10:11:56.646" starttime="20170123 10:11:56.640" status="PASS"></status>
</kw>
<status endtime="20170123 10:11:56.650" starttime="20170123 10:11:56.621" status="PASS"></status>
</kw>
<kw name="Winner Should Be">
<arguments>
<arg>X</arg>
</arguments>
<kw library="keywords.TicTacToeKeywords" name="Get Winner">
<assign>
<var>${m}</var>
</assign>
<msg level="INFO" timestamp="20170123 10:11:56.664">${m} = X</msg>
<status endtime="20170123 10:11:56.666" starttime="20170123 10:11:56.658" status="PASS"></status>
</kw>
<kw library="BuiltIn" name="Should Be Equal">
<doc>Fails if the given objects are unequal.</doc>
<arguments>
<arg>${m}</arg>
<arg>${mark}</arg>
</arguments>
<status endtime="20170123 10:11:56.675" starttime="20170123 10:11:56.668" status="PASS"></status>
</kw>
<status endtime="20170123 10:11:56.678" starttime="20170123 10:11:56.653" status="PASS"></status>
</kw>
<status critical="yes" endtime="20170123 10:11:56.680" starttime="20170123 10:11:56.419" status="PASS"></status>
</test>
<test name="Win Horizontally as O" id="s1-s1-t2">
<kw library="keywords.TicTacToeKeywords" name="Start New Game">
<status endtime="20170123 10:11:56.696" starttime="20170123 10:11:56.692" status="PASS"></status>
</kw>
<kw library="keywords.TicTacToeKeywords" name="Mark Location">
<arguments>
<arg>1</arg>
<arg>1</arg>
</arguments>
<status endtime="20170123 10:11:56.705" starttime="20170123 10:11:56.699" status="PASS"></status>
</kw>
<kw name="Check Location">
<arguments>
<arg>1</arg>
<arg>1</arg>
<arg>X</arg>
</arguments>
<kw library="keywords.TicTacToeKeywords" name="Get Mark">
<arguments>
<arg>${row}</arg>
<arg>${col}</arg>
</arguments>
<assign>
<var>${m}</var>
</assign>
<msg level="INFO" timestamp="20170123 10:11:56.719">${m} = X</msg>
<status endtime="20170123 10:11:56.720" starttime="20170123 10:11:56.714" status="PASS"></status>
</kw>
<kw library="BuiltIn" name="Should Be Equal">
<doc>Fails if the given objects are unequal.</doc>
<arguments>
<arg>${m}</arg>
<arg>${mark}</arg>
</arguments>
<status endtime="20170123 10:11:56.729" starttime="20170123 10:11:56.723" status="PASS"></status>
</kw>
<status endtime="20170123 10:11:56.732" starttime="20170123 10:11:56.708" status="PASS"></status>
</kw>
<kw library="keywords.TicTacToeKeywords" name="Mark Location">
<arguments>
<arg>2</arg>
<arg>0</arg>
</arguments>
<status endtime="20170123 10:11:56.740" starttime="20170123 10:11:56.734" status="PASS"></status>
</kw>
<kw name="Check Location">
<arguments>
<arg>2</arg>
<arg>0</arg>
<arg>O</arg>
</arguments>
<kw library="keywords.TicTacToeKeywords" name="Get Mark">
<arguments>
<arg>${row}</arg>
<arg>${col}</arg>
</arguments>
<assign>
<var>${m}</var>
</assign>
<msg level="INFO" timestamp="20170123 10:11:56.756">${m} = O</msg>
<status endtime="20170123 10:11:56.758" starttime="20170123 10:11:56.748" status="PASS"></status>
</kw>
<kw library="BuiltIn" name="Should Be Equal">
<doc>Fails if the given objects are unequal.</doc>
<arguments>
<arg>${m}</arg>
<arg>${mark}</arg>
</arguments>
<status endtime="20170123 10:11:56.766" starttime="20170123 10:11:56.760" status="PASS"></status>
</kw>
<status endtime="20170123 10:11:56.768" starttime="20170123 10:11:56.742" status="PASS"></status>
</kw>
<kw library="keywords.TicTacToeKeywords" name="Mark Location">
<arguments>
<arg>0</arg>
<arg>0</arg>
</arguments>
<status endtime="20170123 10:11:56.776" starttime="20170123 10:11:56.771" status="PASS"></status>
</kw>
<kw name="Check Location">
<arguments>
<arg>0</arg>
<arg>0</arg>
<arg>X</arg>
</arguments>
<kw library="keywords.TicTacToeKeywords" name="Get Mark">
<arguments>
<arg>${row}</arg>
<arg>${col}</arg>
</arguments>
<assign>
<var>${m}</var>
</assign>
<msg level="INFO" timestamp="20170123 10:11:56.795">${m} = X</msg>
<status endtime="20170123 10:11:56.797" starttime="20170123 10:11:56.786" status="PASS"></status>
</kw>
<kw library="BuiltIn" name="Should Be Equal">
<doc>Fails if the given objects are unequal.</doc>
<arguments>
<arg>${m}</arg>
<arg>${mark}</arg>
</arguments>
<status endtime="20170123 10:11:56.807" starttime="20170123 10:11:56.800" status="PASS"></status>
</kw>
<status endtime="20170123 10:11:56.810" starttime="20170123 10:11:56.778" status="PASS"></status>
</kw>
<kw library="keywords.TicTacToeKeywords" name="Mark Location">
<arguments>
<arg>2</arg>
<arg>2</arg>
</arguments>
<status endtime="20170123 10:11:56.818" starttime="20170123 10:11:56.813" status="PASS"></status>
</kw>
<kw name="Check Location">
<arguments>
<arg>2</arg>
<arg>2</arg>
<arg>O</arg>
</arguments>
<kw library="keywords.TicTacToeKeywords" name="Get Mark">
<arguments>
<arg>${row}</arg>
<arg>${col}</arg>
</arguments>
<assign>
<var>${m}</var>
</assign>
<msg level="INFO" timestamp="20170123 10:11:56.869">${m} = O</msg>
<status endtime="20170123 10:11:56.872" starttime="20170123 10:11:56.826" status="PASS"></status>
</kw>
<kw library="BuiltIn" name="Should Be Equal">
<doc>Fails if the given objects are unequal.</doc>
<arguments>
<arg>${m}</arg>
<arg>${mark}</arg>
</arguments>
<status endtime="20170123 10:11:56.882" starttime="20170123 10:11:56.875" status="PASS"></status>
</kw>
<status endtime="20170123 10:11:56.885" starttime="20170123 10:11:56.820" status="PASS"></status>
</kw>
<kw library="keywords.TicTacToeKeywords" name="Mark Location">
<arguments>
<arg>0</arg>
<arg>2</arg>
</arguments>
<status endtime="20170123 10:11:56.895" starttime="20170123 10:11:56.889" status="PASS"></status>
</kw>
<kw name="Check Location">
<arguments>
<arg>0</arg>
<arg>2</arg>
<arg>X</arg>
</arguments>
<kw library="keywords.TicTacToeKeywords" name="Get Mark">
<arguments>
<arg>${row}</arg>
<arg>${col}</arg>
</arguments>
<assign>
<var>${m}</var>
</assign>
<msg level="INFO" timestamp="20170123 10:11:56.908">${m} = X</msg>
<status endtime="20170123 10:11:56.909" starttime="20170123 10:11:56.902" status="PASS"></status>
</kw>
<kw library="BuiltIn" name="Should Be Equal">
<doc>Fails if the given objects are unequal.</doc>
<arguments>
<arg>${m}</arg>
<arg>${mark}</arg>
</arguments>
<status endtime="20170123 10:11:56.918" starttime="20170123 10:11:56.912" status="PASS"></status>
</kw>
<status endtime="20170123 10:11:56.920" starttime="20170123 10:11:56.897" status="PASS"></status>
</kw>
<kw library="keywords.TicTacToeKeywords" name="Mark Location">
<arguments>
<arg>2</arg>
<arg>1</arg>
</arguments>
<status endtime="20170123 10:11:56.927" starttime="20170123 10:11:56.922" status="PASS"></status>
</kw>
<kw name="Check Location">
<arguments>
<arg>2</arg>
<arg>1</arg>
<arg>O</arg>
</arguments>
<kw library="keywords.TicTacToeKeywords" name="Get Mark">
<arguments>
<arg>${row}</arg>
<arg>${col}</arg>
</arguments>
<assign>
<var>${m}</var>
</assign>
<msg level="INFO" timestamp="20170123 10:11:56.941">${m} = O</msg>
<status endtime="20170123 10:11:56.942" starttime="20170123 10:11:56.934" status="PASS"></status>
</kw>
<kw library="BuiltIn" name="Should Be Equal">
<doc>Fails if the given objects are unequal.</doc>
<arguments>
<arg>${m}</arg>
<arg>${mark}</arg>
</arguments>
<status endtime="20170123 10:11:56.955" starttime="20170123 10:11:56.947" status="PASS"></status>
</kw>
<status endtime="20170123 10:11:56.959" starttime="20170123 10:11:56.929" status="PASS"></status>
</kw>
<kw name="Winner Should Be">
<arguments>
<arg>O</arg>
</arguments>
<kw library="keywords.TicTacToeKeywords" name="Get Winner">
<assign>
<var>${m}</var>
</assign>
<msg level="INFO" timestamp="20170123 10:11:56.982">${m} = O</msg>
<status endtime="20170123 10:11:56.983" starttime="20170123 10:11:56.977" status="PASS"></status>
</kw>
<kw library="BuiltIn" name="Should Be Equal">
<doc>Fails if the given objects are unequal.</doc>
<arguments>
<arg>${m}</arg>
<arg>${mark}</arg>
</arguments>
<status endtime="20170123 10:11:56.990" starttime="20170123 10:11:56.985" status="PASS"></status>
</kw>
<status endtime="20170123 10:11:56.992" starttime="20170123 10:11:56.973" status="PASS"></status>
</kw>
<status critical="yes" endtime="20170123 10:11:56.995" starttime="20170123 10:11:56.686" status="PASS"></status>
</test>
<test name="Force a Tie" id="s1-s1-t3">
<kw library="keywords.TicTacToeKeywords" name="Start New Game">
<status endtime="20170123 10:11:57.028" starttime="20170123 10:11:57.005" status="PASS"></status>
</kw>
<kw library="keywords.TicTacToeKeywords" name="Mark Location">
<arguments>
<arg>1</arg>
<arg>1</arg>
</arguments>
<status endtime="20170123 10:11:57.037" starttime="20170123 10:11:57.032" status="PASS"></status>
</kw>
<kw name="Check Location">
<arguments>
<arg>1</arg>
<arg>1</arg>
<arg>X</arg>
</arguments>
<kw library="keywords.TicTacToeKeywords" name="Get Mark">
<arguments>
<arg>${row}</arg>
<arg>${col}</arg>
</arguments>
<assign>
<var>${m}</var>
</assign>
<msg level="INFO" timestamp="20170123 10:11:57.048">${m} = X</msg>
<status endtime="20170123 10:11:57.050" starttime="20170123 10:11:57.043" status="PASS"></status>
</kw>
<kw library="BuiltIn" name="Should Be Equal">
<doc>Fails if the given objects are unequal.</doc>
<arguments>
<arg>${m}</arg>
<arg>${mark}</arg>
</arguments>
<status endtime="20170123 10:11:57.061" starttime="20170123 10:11:57.052" status="PASS"></status>
</kw>
<status endtime="20170123 10:11:57.063" starttime="20170123 10:11:57.039" status="PASS"></status>
</kw>
<kw library="keywords.TicTacToeKeywords" name="Mark Location">
<arguments>
<arg>0</arg>
<arg>0</arg>
</arguments>
<status endtime="20170123 10:11:57.071" starttime="20170123 10:11:57.065" status="PASS"></status>
</kw>
<kw name="Check Location">
<arguments>
<arg>0</arg>
<arg>0</arg>
<arg>O</arg>
</arguments>
<kw library="keywords.TicTacToeKeywords" name="Get Mark">
<arguments>
<arg>${row}</arg>
<arg>${col}</arg>
</arguments>
<assign>
<var>${m}</var>
</assign>
<msg level="INFO" timestamp="20170123 10:11:57.087">${m} = O</msg>
<status endtime="20170123 10:11:57.090" starttime="20170123 10:11:57.080" status="PASS"></status>
</kw>
<kw library="BuiltIn" name="Should Be Equal">
<doc>Fails if the given objects are unequal.</doc>
<arguments>
<arg>${m}</arg>
<arg>${mark}</arg>
</arguments>
<status endtime="20170123 10:11:57.099" starttime="20170123 10:11:57.092" status="PASS"></status>
</kw>
<status endtime="20170123 10:11:57.101" starttime="20170123 10:11:57.074" status="PASS"></status>
</kw>
<kw library="keywords.TicTacToeKeywords" name="Mark Location">
<arguments>
<arg>2</arg>
<arg>0</arg>
</arguments>
<status endtime="20170123 10:11:57.109" starttime="20170123 10:11:57.103" status="PASS"></status>
</kw>
<kw name="Check Location">
<arguments>
<arg>2</arg>
<arg>0</arg>
<arg>X</arg>
</arguments>
<kw library="keywords.TicTacToeKeywords" name="Get Mark">
<arguments>
<arg>${row}</arg>
<arg>${col}</arg>
</arguments>
<assign>
<var>${m}</var>
</assign>
<msg level="INFO" timestamp="20170123 10:11:57.121">${m} = X</msg>
<status endtime="20170123 10:11:57.122" starttime="20170123 10:11:57.116" status="PASS"></status>
</kw>
<kw library="BuiltIn" name="Should Be Equal">
<doc>Fails if the given objects are unequal.</doc>
<arguments>
<arg>${m}</arg>
<arg>${mark}</arg>
</arguments>
<status endtime="20170123 10:11:57.129" starttime="20170123 10:11:57.124" status="PASS"></status>
</kw>
<status endtime="20170123 10:11:57.131" starttime="20170123 10:11:57.111" status="PASS"></status>
</kw>
<kw library="keywords.TicTacToeKeywords" name="Mark Location">
<arguments>
<arg>0</arg>
<arg>2</arg>
</arguments>
<status endtime="20170123 10:11:57.137" starttime="20170123 10:11:57.133" status="PASS"></status>
</kw>
<kw name="Check Location">
<arguments>
<arg>0</arg>
<arg>2</arg>
<arg>O</arg>
</arguments>
<kw library="keywords.TicTacToeKeywords" name="Get Mark">
<arguments>
<arg>${row}</arg>
<arg>${col}</arg>
</arguments>
<assign>
<var>${m}</var>
</assign>
<msg level="INFO" timestamp="20170123 10:11:57.148">${m} = O</msg>
<status endtime="20170123 10:11:57.149" starttime="20170123 10:11:57.143" status="PASS"></status>
</kw>
<kw library="BuiltIn" name="Should Be Equal">
<doc>Fails if the given objects are unequal.</doc>
<arguments>
<arg>${m}</arg>
<arg>${mark}</arg>
</arguments>
<status endtime="20170123 10:11:57.157" starttime="20170123 10:11:57.151" status="PASS"></status>
</kw>
<status endtime="20170123 10:11:57.159" starttime="20170123 10:11:57.139" status="PASS"></status>
</kw>
<kw library="keywords.TicTacToeKeywords" name="Mark Location">
<arguments>
<arg>0</arg>
<arg>1</arg>
</arguments>
<status endtime="20170123 10:11:57.167" starttime="20170123 10:11:57.161" status="PASS"></status>
</kw>
<kw name="Check Location">
<arguments>
<arg>0</arg>
<arg>1</arg>
<arg>X</arg>
</arguments>
<kw library="keywords.TicTacToeKeywords" name="Get Mark">
<arguments>
<arg>${row}</arg>
<arg>${col}</arg>
</arguments>
<assign>
<var>${m}</var>
</assign>
<msg level="INFO" timestamp="20170123 10:11:57.181">${m} = X</msg>
<status endtime="20170123 10:11:57.183" starttime="20170123 10:11:57.175" status="PASS"></status>
</kw>
<kw library="BuiltIn" name="Should Be Equal">
<doc>Fails if the given objects are unequal.</doc>
<arguments>
<arg>${m}</arg>
<arg>${mark}</arg>
</arguments>
<status endtime="20170123 10:11:57.189" starttime="20170123 10:11:57.184" status="PASS"></status>
</kw>
<status endtime="20170123 10:11:57.191" starttime="20170123 10:11:57.169" status="PASS"></status>
</kw>
<kw library="keywords.TicTacToeKeywords" name="Mark Location">
<arguments>
<arg>2</arg>
<arg>1</arg>
</arguments>
<status endtime="20170123 10:11:57.198" starttime="20170123 10:11:57.193" status="PASS"></status>
</kw>
<kw name="Check Location">
<arguments>
<arg>2</arg>
<arg>1</arg>
<arg>O</arg>
</arguments>
<kw library="keywords.TicTacToeKeywords" name="Get Mark">
<arguments>
<arg>${row}</arg>
<arg>${col}</arg>
</arguments>
<assign>
<var>${m}</var>
</assign>
<msg level="INFO" timestamp="20170123 10:11:57.211">${m} = O</msg>
<status endtime="20170123 10:11:57.213" starttime="20170123 10:11:57.204" status="PASS"></status>
</kw>
<kw library="BuiltIn" name="Should Be Equal">
<doc>Fails if the given objects are unequal.</doc>
<arguments>
<arg>${m}</arg>
<arg>${mark}</arg>
</arguments>
<status endtime="20170123 10:11:57.220" starttime="20170123 10:11:57.215" status="PASS"></status>
</kw>
<status endtime="20170123 10:11:57.223" starttime="20170123 10:11:57.200" status="PASS"></status>
</kw>
<kw library="keywords.TicTacToeKeywords" name="Mark Location">
<arguments>
<arg>1</arg>
<arg>2</arg>
</arguments>
<status endtime="20170123 10:11:57.229" starttime="20170123 10:11:57.225" status="PASS"></status>
</kw>
<kw name="Check Location">
<arguments>
<arg>1</arg>
<arg>2</arg>
<arg>X</arg>
</arguments>
<kw library="keywords.TicTacToeKeywords" name="Get Mark">
<arguments>
<arg>${row}</arg>
<arg>${col}</arg>
</arguments>
<assign>
<var>${m}</var>
</assign>
<msg level="INFO" timestamp="20170123 10:11:57.241">${m} = X</msg>
<status endtime="20170123 10:11:57.242" starttime="20170123 10:11:57.235" status="PASS"></status>
</kw>
<kw library="BuiltIn" name="Should Be Equal">
<doc>Fails if the given objects are unequal.</doc>
<arguments>
<arg>${m}</arg>
<arg>${mark}</arg>
</arguments>
<status endtime="20170123 10:11:57.249" starttime="20170123 10:11:57.244" status="PASS"></status>
</kw>
<status endtime="20170123 10:11:57.251" starttime="20170123 10:11:57.231" status="PASS"></status>
</kw>
<kw library="keywords.TicTacToeKeywords" name="Mark Location">
<arguments>
<arg>1</arg>
<arg>0</arg>
</arguments>
<status endtime="20170123 10:11:57.258" starttime="20170123 10:11:57.253" status="PASS"></status>
</kw>
<kw name="Check Location">
<arguments>
<arg>1</arg>
<arg>0</arg>
<arg>O</arg>
</arguments>
<kw library="keywords.TicTacToeKeywords" name="Get Mark">
<arguments>
<arg>${row}</arg>
<arg>${col}</arg>
</arguments>
<assign>
<var>${m}</var>
</assign>
<msg level="INFO" timestamp="20170123 10:11:57.272">${m} = O</msg>
<status endtime="20170123 10:11:57.273" starttime="20170123 10:11:57.266" status="PASS"></status>
</kw>
<kw library="BuiltIn" name="Should Be Equal">
<doc>Fails if the given objects are unequal.</doc>
<arguments>
<arg>${m}</arg>
<arg>${mark}</arg>
</arguments>
<status endtime="20170123 10:11:57.280" starttime="20170123 10:11:57.275" status="PASS"></status>
</kw>
<status endtime="20170123 10:11:57.283" starttime="20170123 10:11:57.261" status="PASS"></status>
</kw>
<kw library="keywords.TicTacToeKeywords" name="Mark Location">
<arguments>
<arg>2</arg>
<arg>2</arg>
</arguments>
<status endtime="20170123 10:11:57.292" starttime="20170123 10:11:57.285" status="PASS"></status>
</kw>
<kw name="Check Location">
<arguments>
<arg>2</arg>
<arg>2</arg>
<arg>X</arg>
</arguments>
<kw library="keywords.TicTacToeKeywords" name="Get Mark">
<arguments>
<arg>${row}</arg>
<arg>${col}</arg>
</arguments>
<assign>
<var>${m}</var>
</assign>
<msg level="INFO" timestamp="20170123 10:11:57.302">${m} = X</msg>
<status endtime="20170123 10:11:57.302" starttime="20170123 10:11:57.298" status="PASS"></status>
</kw>
<kw library="BuiltIn" name="Should Be Equal">
<doc>Fails if the given objects are unequal.</doc>
<arguments>
<arg>${m}</arg>
<arg>${mark}</arg>
</arguments>
<status endtime="20170123 10:11:57.308" starttime="20170123 10:11:57.304" status="PASS"></status>
</kw>
<status endtime="20170123 10:11:57.310" starttime="20170123 10:11:57.294" status="PASS"></status>
</kw>
<kw name="Winner Should Be">
<arguments>
<arg>TIE</arg>
</arguments>
<kw library="keywords.TicTacToeKeywords" name="Get Winner">
<assign>
<var>${m}</var>
</assign>
<msg level="INFO" timestamp="20170123 10:11:57.320">${m} = TIE</msg>
<status endtime="20170123 10:11:57.321" starttime="20170123 10:11:57.316" status="PASS"></status>
</kw>
<kw library="BuiltIn" name="Should Be Equal">
<doc>Fails if the given objects are unequal.</doc>
<arguments>
<arg>${m}</arg>
<arg>${mark}</arg>
</arguments>
<status endtime="20170123 10:11:57.329" starttime="20170123 10:11:57.324" status="PASS"></status>
</kw>
<status endtime="20170123 10:11:57.331" starttime="20170123 10:11:57.311" status="PASS"></status>
</kw>
<status critical="yes" endtime="20170123 10:11:57.333" starttime="20170123 10:11:56.999" status="PASS"></status>
</test>
<status endtime="20170123 10:11:57.344" starttime="20170123 10:11:56.341" status="PASS"></status>
</suite>
<status endtime="20170123 10:11:57.366" starttime="20170123 10:11:55.970" status="PASS"></status>
</suite>
<statistics>
<total>
<stat pass="3" fail="0">Critical Tests</stat>
<stat pass="3" fail="0">All Tests</stat>
</total>
<tag>
</tag>
<suite>
<stat pass="3" fail="0" name="Acceptancetest" id="s1">Acceptancetest</stat>
<stat pass="3" fail="0" name="TicTacToeTests" id="s1-s1">Acceptancetest.TicTacToeTests</stat>
</suite>
</statistics>
<errors>
</errors>
</robot>
